kotlin version: 2.1.0
error message: org.jetbrains.kotlin.backend.common.BackendException: Backend Internal error: Exception during IR lowering
File being compiled: C:/Users/mapar/AndroidStudioProjects/TowertexBloom/sdk/src/main/java/com/towertex/sdk/sdk/BloomSdkComposable.kt
The root cause java.lang.RuntimeException was thrown at: org.jetbrains.kotlin.backend.jvm.codegen.FunctionCodegen.generate(FunctionCodegen.kt:48)
	at org.jetbrains.kotlin.backend.common.CodegenUtil.reportBackendException(CodegenUtil.kt:253)
	at org.jetbrains.kotlin.backend.common.CodegenUtil.reportBackendException$default(CodegenUtil.kt:236)
	at org.jetbrains.kotlin.backend.common.phaser.PerformByIrFilePhase.invokeSequential(performByIrFile.kt:55)
	at org.jetbrains.kotlin.backend.common.phaser.PerformByIrFilePhase.invoke(performByIrFile.kt:42)
	at org.jetbrains.kotlin.backend.common.phaser.PerformByIrFilePhase.invoke(performByIrFile.kt:28)
	at org.jetbrains.kotlin.backend.common.phaser.NamedCompilerPhase.phaseBody(CompilerPhase.kt:166)
	at org.jetbrains.kotlin.backend.common.phaser.AbstractNamedCompilerPhase.invoke(CompilerPhase.kt:113)
	at org.jetbrains.kotlin.backend.common.phaser.CompositePhase.invoke(PhaseBuilders.kt:27)
	at org.jetbrains.kotlin.backend.common.phaser.CompositePhase.invoke(PhaseBuilders.kt:14)
	at org.jetbrains.kotlin.backend.common.phaser.NamedCompilerPhase.phaseBody(CompilerPhase.kt:166)
	at org.jetbrains.kotlin.backend.common.phaser.AbstractNamedCompilerPhase.invoke(CompilerPhase.kt:113)
	at org.jetbrains.kotlin.backend.common.phaser.CompilerPhaseKt.invokeToplevel(CompilerPhase.kt:62)
	at org.jetbrains.kotlin.backend.jvm.JvmIrCodegenFactory.invokeCodegen(JvmIrCodegenFactory.kt:371)
	at org.jetbrains.kotlin.codegen.CodegenFactory.generateModule(CodegenFactory.kt:47)
	at org.jetbrains.kotlin.backend.jvm.JvmIrCodegenFactory.generateModuleInFrontendIRMode(JvmIrCodegenFactory.kt:433)
	at org.jetbrains.kotlin.cli.jvm.compiler.pipeline.JvmCompilerPipelineKt.generateCodeFromIr(jvmCompilerPipeline.kt:192)
	at org.jetbrains.kotlin.cli.jvm.compiler.pipeline.JvmCompilerPipelineKt.runBackend(jvmCompilerPipeline.kt:80)
	at org.jetbrains.kotlin.cli.jvm.compiler.pipeline.JvmCompilerPipelineLightTreeKt.compileModule(jvmCompilerPipelineLightTree.kt:264)
	at org.jetbrains.kotlin.cli.jvm.compiler.pipeline.JvmCompilerPipelineLightTreeKt.compileSingleModuleUsingFrontendIrAndLightTree(jvmCompilerPipelineLightTree.kt:231)
	at org.jetbrains.kotlin.cli.jvm.compiler.pipeline.JvmCompilerPipelineLightTreeKt.compileModulesUsingFrontendIrAndLightTree(jvmCompilerPipelineLightTree.kt:86)
	at org.jetbrains.kotlin.cli.jvm.K2JVMCompiler.doExecute(K2JVMCompiler.kt:146)
	at org.jetbrains.kotlin.cli.jvm.K2JVMCompiler.doExecute(K2JVMCompiler.kt:43)
	at org.jetbrains.kotlin.cli.common.CLICompiler.execImpl(CLICompiler.kt:102)
	at org.jetbrains.kotlin.cli.common.CLICompiler.exec(CLICompiler.kt:316)
	at org.jetbrains.kotlin.incremental.IncrementalJvmCompilerRunner.runCompiler(IncrementalJvmCompilerRunner.kt:464)
	at org.jetbrains.kotlin.incremental.IncrementalJvmCompilerRunner.runCompiler(IncrementalJvmCompilerRunner.kt:73)
	at org.jetbrains.kotlin.incremental.IncrementalCompilerRunner.doCompile(IncrementalCompilerRunner.kt:506)
	at org.jetbrains.kotlin.incremental.IncrementalCompilerRunner.compileImpl(IncrementalCompilerRunner.kt:423)
	at org.jetbrains.kotlin.incremental.IncrementalCompilerRunner.tryCompileIncrementally$lambda$9$compile(IncrementalCompilerRunner.kt:249)
	at org.jetbrains.kotlin.incremental.IncrementalCompilerRunner.tryCompileIncrementally(IncrementalCompilerRunner.kt:267)
	at org.jetbrains.kotlin.incremental.IncrementalCompilerRunner.compile(IncrementalCompilerRunner.kt:120)
	at org.jetbrains.kotlin.daemon.CompileServiceImplBase.execIncrementalCompiler(CompileServiceImpl.kt:674)
	at org.jetbrains.kotlin.daemon.CompileServiceImplBase.access$execIncrementalCompiler(CompileServiceImpl.kt:91)
	at org.jetbrains.kotlin.daemon.CompileServiceImpl.compile(CompileServiceImpl.kt:1659)
	at java.base/jdk.internal.reflect.DirectMethodHandleAccessor.invoke(Unknown Source)
	at java.base/java.lang.reflect.Method.invoke(Unknown Source)
	at java.rmi/sun.rmi.server.UnicastServerRef.dispatch(Unknown Source)
	at java.rmi/sun.rmi.transport.Transport$1.run(Unknown Source)
	at java.rmi/sun.rmi.transport.Transport$1.run(Unknown Source)
	at java.base/java.security.AccessController.doPrivileged(Unknown Source)
	at java.rmi/sun.rmi.transport.Transport.serviceCall(Unknown Source)
	at java.rmi/sun.rmi.transport.tcp.TCPTransport.handleMessages(Unknown Source)
	at java.rmi/sun.rmi.transport.tcp.TCPTransport$ConnectionHandler.run0(Unknown Source)
	at java.rmi/sun.rmi.transport.tcp.TCPTransport$ConnectionHandler.lambda$run$0(Unknown Source)
	at java.base/java.security.AccessController.doPrivileged(Unknown Source)
	at java.rmi/sun.rmi.transport.tcp.TCPTransport$ConnectionHandler.run(Unknown Source)
	at java.base/java.util.concurrent.ThreadPoolExecutor.runWorker(Unknown Source)
	at java.base/java.util.concurrent.ThreadPoolExecutor$Worker.run(Unknown Source)
	at java.base/java.lang.Thread.run(Unknown Source)
Caused by: java.lang.RuntimeException: Exception while generating code for:
FUN name:UserInputsScreen visibility:public modality:FINAL <> ($this:com.towertex.sdk.sdk.BloomSdkComposable) returnType:kotlin.Unit
  annotations:
    OptIn(markerClass = [CLASS_REFERENCE 'CLASS IR_EXTERNAL_DECLARATION_STUB ANNOTATION_CLASS name:ExperimentalGlideComposeApi modality:OPEN visibility:public superTypes:[kotlin.Annotation]' type=kotlin.reflect.KClass<com.bumptech.glide.integration.compose.ExperimentalGlideComposeApi>] type=kotlin.Array<out kotlin.reflect.KClass<out kotlin.Annotation>> varargElementType=kotlin.reflect.KClass<out kotlin.Annotation>)
    Composable
  $this: VALUE_PARAMETER name:<this> type:com.towertex.sdk.sdk.BloomSdkComposable
  BLOCK_BODY
    VAR name:aContext type:android.content.Context [val]
      CALL 'public final fun <get-current> (): T of androidx.compose.runtime.CompositionLocal [inline] declared in androidx.compose.runtime.CompositionLocal' type=android.content.Context origin=GET_PROPERTY
        $this: TYPE_OP type=androidx.compose.runtime.CompositionLocal<T of androidx.compose.runtime.CompositionLocal> origin=IMPLICIT_CAST typeOperand=androidx.compose.runtime.CompositionLocal<T of androidx.compose.runtime.CompositionLocal>
          CALL 'public final fun <get-LocalContext> (): androidx.compose.runtime.ProvidableCompositionLocal<android.content.Context> declared in androidx.compose.ui.platform.AndroidCompositionLocals_androidKt' type=androidx.compose.runtime.ProvidableCompositionLocal<android.content.Context> origin=GET_PROPERTY
    VAR PROPERTY_DELEGATE name:sdk$delegate type:androidx.compose.runtime.MutableState<com.towertex.sdk.sdk.BloomSdk?> [val]
      CALL 'public final fun remember <T> (calculation: @[DisallowComposableCalls] kotlin.Function0<T of androidx.compose.runtime.ComposablesKt.remember>): T of androidx.compose.runtime.ComposablesKt.remember [inline] declared in androidx.compose.runtime.ComposablesKt' type=androidx.compose.runtime.MutableState<com.towertex.sdk.sdk.BloomSdk?> origin=null
        <T>: androidx.compose.runtime.MutableState<com.towertex.sdk.sdk.BloomSdk?>
        calculation: BLOCK type=kotlin.Function0<androidx.compose.runtime.MutableState<com.towertex.sdk.sdk.BloomSdk?>> origin=LAMBDA
          COMPOSITE type=kotlin.Unit origin=null
          FUNCTION_REFERENCE 'private final fun UserInputsScreen$lambda$0 (): androidx.compose.runtime.MutableState<com.towertex.sdk.sdk.BloomSdk?> declared in com.towertex.sdk.sdk.BloomSdkComposable' type=kotlin.Function0<androidx.compose.runtime.MutableState<com.towertex.sdk.sdk.BloomSdk?>> origin=INLINE_LAMBDA reflectionTarget=null
    VAR PROPERTY_DELEGATE name:uiConfiguration$delegate type:androidx.compose.runtime.MutableState<com.towertex.sdk.network.model.UIConfigurationForm?> [val]
      CALL 'public final fun remember <T> (calculation: @[DisallowComposableCalls] kotlin.Function0<T of androidx.compose.runtime.ComposablesKt.remember>): T of androidx.compose.runtime.ComposablesKt.remember [inline] declared in androidx.compose.runtime.ComposablesKt' type=androidx.compose.runtime.MutableState<com.towertex.sdk.network.model.UIConfigurationForm?> origin=null
        <T>: androidx.compose.runtime.MutableState<com.towertex.sdk.network.model.UIConfigurationForm?>
        calculation: BLOCK type=kotlin.Function0<androidx.compose.runtime.MutableState<com.towertex.sdk.network.model.UIConfigurationForm?>> origin=LAMBDA
          COMPOSITE type=kotlin.Unit origin=null
          FUNCTION_REFERENCE 'private final fun UserInputsScreen$lambda$3 (): androidx.compose.runtime.MutableState<com.towertex.sdk.network.model.UIConfigurationForm?> declared in com.towertex.sdk.sdk.BloomSdkComposable' type=kotlin.Function0<androidx.compose.runtime.MutableState<com.towertex.sdk.network.model.UIConfigurationForm?>> origin=INLINE_LAMBDA reflectionTarget=null
    VAR PROPERTY_DELEGATE name:userInputs$delegate type:androidx.compose.runtime.MutableState<kotlin.collections.Map<kotlin.Int, kotlin.String>> [val]
      CALL 'public final fun remember <T> (calculation: @[DisallowComposableCalls] kotlin.Function0<T of androidx.compose.runtime.ComposablesKt.remember>): T of androidx.compose.runtime.ComposablesKt.remember [inline] declared in androidx.compose.runtime.ComposablesKt' type=androidx.compose.runtime.MutableState<kotlin.collections.Map<kotlin.Int, kotlin.String>> origin=null
        <T>: androidx.compose.runtime.MutableState<kotlin.collections.Map<kotlin.Int, kotlin.String>>
        calculation: BLOCK type=kotlin.Function0<androidx.compose.runtime.MutableState<kotlin.collections.Map<kotlin.Int, kotlin.String>>> origin=LAMBDA
          COMPOSITE type=kotlin.Unit origin=null
          FUNCTION_REFERENCE 'private final fun UserInputsScreen$lambda$6 (): androidx.compose.runtime.MutableState<kotlin.collections.Map<kotlin.Int, kotlin.String>> declared in com.towertex.sdk.sdk.BloomSdkComposable' type=kotlin.Function0<androidx.compose.runtime.MutableState<kotlin.collections.Map<kotlin.Int, kotlin.String>>> origin=INLINE_LAMBDA reflectionTarget=null
    VAR name:scope type:kotlinx.coroutines.CoroutineScope [val]
      CALL 'public final fun rememberCoroutineScope$default (getContext: @[DisallowComposableCalls] kotlin.Function0<kotlin.coroutines.CoroutineContext>?, $mask0: kotlin.Int, $handler: kotlin.Any?): kotlinx.coroutines.CoroutineScope [inline] declared in androidx.compose.runtime.EffectsKt' type=kotlinx.coroutines.CoroutineScope origin=DEFAULT_DISPATCH_CALL
        getContext: COMPOSITE type=@[DisallowComposableCalls] kotlin.Function0<kotlin.coroutines.CoroutineContext>? origin=DEFAULT_VALUE
          CONST Null type=@[DisallowComposableCalls] kotlin.Function0<kotlin.coroutines.CoroutineContext>? value=null
        $mask0: CONST Int type=kotlin.Int value=1
        $handler: CONST Null type=kotlin.Any? value=null
    VAR PROPERTY_DELEGATE name:stateOfSuccessMessage$delegate type:androidx.compose.runtime.MutableState<kotlin.Boolean?> [val]
      CALL 'public final fun remember <T> (calculation: @[DisallowComposableCalls] kotlin.Function0<T of androidx.compose.runtime.ComposablesKt.remember>): T of androidx.compose.runtime.ComposablesKt.remember [inline] declared in androidx.compose.runtime.ComposablesKt' type=androidx.compose.runtime.MutableState<kotlin.Boolean?> origin=null
        <T>: androidx.compose.runtime.MutableState<kotlin.Boolean?>
        calculation: BLOCK type=kotlin.Function0<androidx.compose.runtime.MutableState<kotlin.Boolean?>> origin=LAMBDA
          COMPOSITE type=kotlin.Unit origin=null
          FUNCTION_REFERENCE 'private final fun UserInputsScreen$lambda$9 (): androidx.compose.runtime.MutableState<kotlin.Boolean?> declared in com.towertex.sdk.sdk.BloomSdkComposable' type=kotlin.Function0<androidx.compose.runtime.MutableState<kotlin.Boolean?>> origin=INLINE_LAMBDA reflectionTarget=null
    COMPOSITE type=kotlin.Unit origin=null
    COMPOSITE type=kotlin.Unit origin=null
    COMPOSITE type=kotlin.Unit origin=null
    COMPOSITE type=kotlin.Unit origin=null
    CALL 'public final fun LaunchedEffect (key1: kotlin.Any?, block: @[ExtensionFunctionType] kotlin.coroutines.SuspendFunction1<kotlinx.coroutines.CoroutineScope, kotlin.Unit>): kotlin.Unit declared in androidx.compose.runtime.EffectsKt' type=kotlin.Unit origin=null
      key1: GET_FIELD 'FIELD FIELD_FOR_OBJECT_INSTANCE name:INSTANCE type:kotlin.Unit visibility:public [final,static] declared in kotlin.Unit' type=kotlin.Unit origin=null
      block: BLOCK type=com.towertex.sdk.sdk.BloomSdkComposable.UserInputsScreen.<no name provided> origin=null
        CLASS SUSPEND_LAMBDA CLASS name:<no name provided> modality:FINAL visibility:public/*package*/ superTypes:[kotlin.coroutines.jvm.internal.SuspendLambda; kotlin.jvm.functions.Function2<kotlinx.coroutines.CoroutineScope, kotlin.coroutines.Continuation<kotlin.Unit>?, kotlin.Any?>]
          $this: VALUE_PARAMETER INSTANCE_RECEIVER name:<this> type:com.towertex.sdk.sdk.BloomSdkComposable.UserInputsScreen.<no name provided>
          FIELD name:label type:kotlin.Int visibility:public/*package*/
          FIELD FIELD_FOR_CAPTURED_VALUE name:L$0 type:kotlin.Any? visibility:private
          CONSTRUCTOR SUSPEND_LAMBDA visibility:public/*package*/ <> ($aContext:android.content.Context, $sdk$delegate:androidx.compose.runtime.MutableState<com.towertex.sdk.sdk.BloomSdk?>, $uiConfiguration$delegate:androidx.compose.runtime.MutableState<com.towertex.sdk.network.model.UIConfigurationForm?>, $completion:kotlin.coroutines.Continuation<com.towertex.sdk.sdk.BloomSdkComposable.UserInputsScreen.<no name provided>>?) returnType:com.towertex.sdk.sdk.BloomSdkComposable.UserInputsScreen.<no name provided> [primary]
            VALUE_PARAMETER BOUND_VALUE_PARAMETER name:$aContext index:0 type:android.content.Context
            VALUE_PARAMETER BOUND_VALUE_PARAMETER name:$sdk$delegate index:1 type:androidx.compose.runtime.MutableState<com.towertex.sdk.sdk.BloomSdk?>
            VALUE_PARAMETER BOUND_VALUE_PARAMETER name:$uiConfiguration$delegate index:2 type:androidx.compose.runtime.MutableState<com.towertex.sdk.network.model.UIConfigurationForm?>
            VALUE_PARAMETER name:$completion index:3 type:kotlin.coroutines.Continuation<com.towertex.sdk.sdk.BloomSdkComposable.UserInputsScreen.<no name provided>>?
            BLOCK_BODY
              SET_FIELD 'FIELD FIELD_FOR_CAPTURED_VALUE name:$aContext type:android.content.Context visibility:public/*package*/ [final] declared in com.towertex.sdk.sdk.BloomSdkComposable.UserInputsScreen.<no name provided>' type=kotlin.Unit origin=INITIALIZER_OF_FIELD_FOR_CAPTURED_VALUE
                receiver: GET_VAR '<this>: com.towertex.sdk.sdk.BloomSdkComposable.UserInputsScreen.<no name provided> declared in com.towertex.sdk.sdk.BloomSdkComposable.UserInputsScreen.<no name provided>' type=com.towertex.sdk.sdk.BloomSdkComposable.UserInputsScreen.<no name provided> origin=null
                value: GET_VAR '$aContext: android.content.Context declared in com.towertex.sdk.sdk.BloomSdkComposable.UserInputsScreen.<no name provided>.<init>' type=android.content.Context origin=null
              SET_FIELD 'FIELD FIELD_FOR_CAPTURED_VALUE name:$sdk$delegate type:androidx.compose.runtime.MutableState<com.towertex.sdk.sdk.BloomSdk?> visibility:public/*package*/ [final] declared in com.towertex.sdk.sdk.BloomSdkComposable.UserInputsScreen.<no name provided>' type=kotlin.Unit origin=INITIALIZER_OF_FIELD_FOR_CAPTURED_VALUE
                receiver: GET_VAR '<this>: com.towertex.sdk.sdk.BloomSdkComposable.UserInputsScreen.<no name provided> declared in com.towertex.sdk.sdk.BloomSdkComposable.UserInputsScreen.<no name provided>' type=com.towertex.sdk.sdk.BloomSdkComposable.UserInputsScreen.<no name provided> origin=null
                value: GET_VAR '$sdk$delegate: androidx.compose.runtime.MutableState<com.towertex.sdk.sdk.BloomSdk?> declared in com.towertex.sdk.sdk.BloomSdkComposable.UserInputsScreen.<no name provided>.<init>' type=androidx.compose.runtime.MutableState<com.towertex.sdk.sdk.BloomSdk?> origin=null
              SET_FIELD 'FIELD FIELD_FOR_CAPTURED_VALUE name:$uiConfiguration$delegate type:androidx.compose.runtime.MutableState<com.towertex.sdk.network.model.UIConfigurationForm?> visibility:public/*package*/ [final] declared in com.towertex.sdk.sdk.BloomSdkComposable.UserInputsScreen.<no name provided>' type=kotlin.Unit origin=INITIALIZER_OF_FIELD_FOR_CAPTURED_VALUE
                receiver: GET_VAR '<this>: com.towertex.sdk.sdk.BloomSdkComposable.UserInputsScreen.<no name provided> declared in com.towertex.sdk.sdk.BloomSdkComposable.UserInputsScreen.<no name provided>' type=com.towertex.sdk.sdk.BloomSdkComposable.UserInputsScreen.<no name provided> origin=null
                value: GET_VAR '$uiConfiguration$delegate: androidx.compose.runtime.MutableState<com.towertex.sdk.network.model.UIConfigurationForm?> declared in com.towertex.sdk.sdk.BloomSdkComposable.UserInputsScreen.<no name provided>.<init>' type=androidx.compose.runtime.MutableState<com.towertex.sdk.network.model.UIConfigurationForm?> origin=null
              DELEGATING_CONSTRUCTOR_CALL 'public constructor <init> (arity: kotlin.Int, $completion: kotlin.coroutines.Continuation<kotlin.Any?>?) declared in kotlin.coroutines.jvm.internal.SuspendLambda'
                arity: CONST Int type=kotlin.Int value=2
                $completion: GET_VAR '$completion: kotlin.coroutines.Continuation<com.towertex.sdk.sdk.BloomSdkComposable.UserInputsScreen.<no name provided>>? declared in com.towertex.sdk.sdk.BloomSdkComposable.UserInputsScreen.<no name provided>.<init>' type=kotlin.coroutines.Continuation<com.towertex.sdk.sdk.BloomSdkComposable.UserInputsScreen.<no name provided>>? origin=null
              BLOCK type=kotlin.Unit origin=null
          FUN name:invokeSuspend visibility:public modality:FINAL <> ($this:com.towertex.sdk.sdk.BloomSdkComposable.UserInputsScreen.<no name provided>, $result:kotlin.Result<kotlin.Any?>) returnType:kotlin.Any?
            overridden:
              protected abstract fun invokeSuspend ($result: kotlin.Result<kotlin.Any?>): kotlin.Any? declared in kotlin.coroutines.jvm.internal.SuspendLambda
            $this: VALUE_PARAMETER INSTANCE_RECEIVER name:<this> type:com.towertex.sdk.sdk.BloomSdkComposable.UserInputsScreen.<no name provided>
            VALUE_PARAMETER name:$result index:0 type:kotlin.Result<kotlin.Any?>
            BLOCK_BODY
              VAR name:$this$LaunchedEffect type:kotlinx.coroutines.CoroutineScope [val]
                BLOCK type=kotlinx.coroutines.CoroutineScope origin=null
                  GET_FIELD 'FIELD FIELD_FOR_CAPTURED_VALUE name:L$0 type:kotlin.Any? visibility:private declared in com.towertex.sdk.sdk.BloomSdkComposable.UserInputsScreen.<no name provided>' type=kotlinx.coroutines.CoroutineScope origin=null
                    receiver: GET_VAR '<this>: com.towertex.sdk.sdk.BloomSdkComposable.UserInputsScreen.<no name provided> declared in com.towertex.sdk.sdk.BloomSdkComposable.UserInputsScreen.<no name provided>.invokeSuspend' type=com.towertex.sdk.sdk.BloomSdkComposable.UserInputsScreen.<no name provided> origin=null
              WHEN type=kotlin.Unit origin=IF
                BRANCH
                  if: CALL 'public final fun not (): kotlin.Boolean [operator] declared in kotlin.Boolean' type=kotlin.Boolean origin=EXCLEQ
                    $this: CALL 'public final fun EQEQ (arg0: kotlin.Any?, arg1: kotlin.Any?): kotlin.Boolean declared in kotlin.internal.ir' type=kotlin.Boolean origin=EXCLEQ
                      arg0: CALL 'public final fun access$UserInputsScreen$lambda$1 ($sdk$delegate: androidx.compose.runtime.MutableState<com.towertex.sdk.sdk.BloomSdk?>): com.towertex.sdk.sdk.BloomSdk? declared in com.towertex.sdk.sdk.BloomSdkComposable' type=com.towertex.sdk.sdk.BloomSdk? origin=GET_LOCAL_PROPERTY
                        $sdk$delegate: GET_FIELD 'FIELD FIELD_FOR_CAPTURED_VALUE name:$sdk$delegate type:androidx.compose.runtime.MutableState<com.towertex.sdk.sdk.BloomSdk?> visibility:public/*package*/ [final] declared in com.towertex.sdk.sdk.BloomSdkComposable.UserInputsScreen.<no name provided>' type=androidx.compose.runtime.MutableState<com.towertex.sdk.sdk.BloomSdk?> origin=null
                          receiver: GET_VAR '<this>: com.towertex.sdk.sdk.BloomSdkComposable.UserInputsScreen.<no name provided> declared in com.towertex.sdk.sdk.BloomSdkComposable.UserInputsScreen.<no name provided>.invokeSuspend' type=com.towertex.sdk.sdk.BloomSdkComposable.UserInputsScreen.<no name provided> origin=null
                      arg1: CONST Null type=kotlin.Nothing? value=null
                  then: RETURN type=kotlin.Nothing from='public final fun invokeSuspend ($result: kotlin.Result<kotlin.Any?>): kotlin.Any? declared in com.towertex.sdk.sdk.BloomSdkComposable.UserInputsScreen.<no name provided>'
                    GET_FIELD 'FIELD FIELD_FOR_OBJECT_INSTANCE name:INSTANCE type:kotlin.Unit visibility:public [final,static] declared in kotlin.Unit' type=kotlin.Unit origin=null
              CALL 'public final fun access$UserInputsScreen$lambda$2 ($sdk$delegate: androidx.compose.runtime.MutableState<com.towertex.sdk.sdk.BloomSdk?>, <set-?>: com.towertex.sdk.sdk.BloomSdk?): kotlin.Unit declared in com.towertex.sdk.sdk.BloomSdkComposable' type=kotlin.Unit origin=EQ
                $sdk$delegate: GET_FIELD 'FIELD FIELD_FOR_CAPTURED_VALUE name:$sdk$delegate type:androidx.compose.runtime.MutableState<com.towertex.sdk.sdk.BloomSdk?> visibility:public/*package*/ [final] declared in com.towertex.sdk.sdk.BloomSdkComposable.UserInputsScreen.<no name provided>' type=androidx.compose.runtime.MutableState<com.towertex.sdk.sdk.BloomSdk?> origin=null
                  receiver: GET_VAR '<this>: com.towertex.sdk.sdk.BloomSdkComposable.UserInputsScreen.<no name provided> declared in com.towertex.sdk.sdk.BloomSdkComposable.UserInputsScreen.<no name provided>.invokeSuspend' type=com.towertex.sdk.sdk.BloomSdkComposable.UserInputsScreen.<no name provided> origin=null
                <set-?>: CALL 'public final fun build (): com.towertex.sdk.sdk.BloomSdk declared in com.towertex.sdk.sdk.BloomSdkBuilder' type=com.towertex.sdk.sdk.BloomSdk origin=null
                  $this: CONSTRUCTOR_CALL 'public constructor <init> (context: android.content.Context, configuration: com.towertex.sdk.sdk.model.BloomSDKConfiguration) [primary] declared in com.towertex.sdk.sdk.BloomSdkBuilder' type=com.towertex.sdk.sdk.BloomSdkBuilder origin=null
                    context: GET_FIELD 'FIELD FIELD_FOR_CAPTURED_VALUE name:$aContext type:android.content.Context visibility:public/*package*/ [final] declared in com.towertex.sdk.sdk.BloomSdkComposable.UserInputsScreen.<no name provided>' type=android.content.Context origin=null
                      receiver: GET_VAR '<this>: com.towertex.sdk.sdk.BloomSdkComposable.UserInputsScreen.<no name provided> declared in com.towertex.sdk.sdk.BloomSdkComposable.UserInputsScreen.<no name provided>.invokeSuspend' type=com.towertex.sdk.sdk.BloomSdkComposable.UserInputsScreen.<no name provided> origin=null
                    configuration: CALL 'public final fun <get-defaultConfiguration> (): com.towertex.sdk.sdk.model.BloomSDKConfiguration declared in com.towertex.sdk.sdk.BloomSdkBuilder.Companion' type=com.towertex.sdk.sdk.model.BloomSDKConfiguration origin=GET_PROPERTY
                      $this: GET_FIELD 'FIELD FIELD_FOR_OBJECT_INSTANCE name:Companion type:com.towertex.sdk.sdk.BloomSdkBuilder.Companion visibility:public [final,static] declared in com.towertex.sdk.sdk.BloomSdkBuilder' type=com.towertex.sdk.sdk.BloomSdkBuilder.Companion origin=null
              CALL 'public final fun access$UserInputsScreen$lambda$5 ($uiConfiguration$delegate: androidx.compose.runtime.MutableState<com.towertex.sdk.network.model.UIConfigurationForm?>, <set-?>: com.towertex.sdk.network.model.UIConfigurationForm?): kotlin.Unit declared in com.towertex.sdk.sdk.BloomSdkComposable' type=kotlin.Unit origin=EQ
                $uiConfiguration$delegate: GET_FIELD 'FIELD FIELD_FOR_CAPTURED_VALUE name:$uiConfiguration$delegate type:androidx.compose.runtime.MutableState<com.towertex.sdk.network.model.UIConfigurationForm?> visibility:public/*package*/ [final] declared in com.towertex.sdk.sdk.BloomSdkComposable.UserInputsScreen.<no name provided>' type=androidx.compose.runtime.MutableState<com.towertex.sdk.network.model.UIConfigurationForm?> origin=null
                  receiver: GET_VAR '<this>: com.towertex.sdk.sdk.BloomSdkComposable.UserInputsScreen.<no name provided> declared in com.towertex.sdk.sdk.BloomSdkComposable.UserInputsScreen.<no name provided>.invokeSuspend' type=com.towertex.sdk.sdk.BloomSdkComposable.UserInputsScreen.<no name provided> origin=null
                <set-?>: BLOCK type=com.towertex.sdk.network.model.UIConfigurationForm? origin=FOLDED_SAFE_CALL
                  WHEN type=com.towertex.sdk.network.model.UIConfigurationForm? origin=FOLDED_SAFE_CALL
                    BRANCH
                      if: CALL 'public final fun ANDAND (arg0: kotlin.Boolean, arg1: kotlin.Boolean): kotlin.Boolean declared in kotlin.internal.ir' type=kotlin.Boolean origin=null
                        arg0: COMPOSITE type=kotlin.Boolean origin=null
                          VAR IR_TEMPORARY_VARIABLE name:tmp0_safe_receiver type:com.towertex.sdk.sdk.BloomSdk? [val]
                            CALL 'public final fun access$UserInputsScreen$lambda$1 ($sdk$delegate: androidx.compose.runtime.MutableState<com.towertex.sdk.sdk.BloomSdk?>): com.towertex.sdk.sdk.BloomSdk? declared in com.towertex.sdk.sdk.BloomSdkComposable' type=com.towertex.sdk.sdk.BloomSdk? origin=GET_LOCAL_PROPERTY
                              $sdk$delegate: GET_FIELD 'FIELD FIELD_FOR_CAPTURED_VALUE name:$sdk$delegate type:androidx.compose.runtime.MutableState<com.towertex.sdk.sdk.BloomSdk?> visibility:public/*package*/ [final] declared in com.towertex.sdk.sdk.BloomSdkComposable.UserInputsScreen.<no name provided>' type=androidx.compose.runtime.MutableState<com.towertex.sdk.sdk.BloomSdk?> origin=null
                                receiver: GET_VAR '<this>: com.towertex.sdk.sdk.BloomSdkComposable.UserInputsScreen.<no name provided> declared in com.towertex.sdk.sdk.BloomSdkComposable.UserInputsScreen.<no name provided>.invokeSuspend' type=com.towertex.sdk.sdk.BloomSdkComposable.UserInputsScreen.<no name provided> origin=null
                          CALL 'public final fun not (): kotlin.Boolean [operator] declared in kotlin.Boolean' type=kotlin.Boolean origin=null
                            $this: CALL 'public final fun EQEQ (arg0: kotlin.Any?, arg1: kotlin.Any?): kotlin.Boolean declared in kotlin.internal.ir' type=kotlin.Boolean origin=null
                              arg0: GET_VAR 'val tmp0_safe_receiver: com.towertex.sdk.sdk.BloomSdk? [val] declared in com.towertex.sdk.sdk.BloomSdkComposable.UserInputsScreen.<no name provided>.invokeSuspend' type=com.towertex.sdk.sdk.BloomSdk? origin=null
                              arg1: CONST Null type=kotlin.Nothing? value=null
                        arg1: COMPOSITE type=kotlin.Boolean origin=null
                          VAR IR_TEMPORARY_VARIABLE name:tmp1_safe_receiver type:kotlinx.coroutines.flow.Flow<com.towertex.sdk.network.model.UIConfigurationForm> [val]
                            CALL 'public open fun getUIConfigurationForm (coroutineScope: kotlinx.coroutines.CoroutineScope?, configurationId: kotlin.Int): kotlinx.coroutines.flow.Flow<com.towertex.sdk.network.model.UIConfigurationForm> declared in com.towertex.sdk.sdk.BloomSdk' type=kotlinx.coroutines.flow.Flow<com.towertex.sdk.network.model.UIConfigurationForm> origin=null
                              $this: GET_VAR 'val tmp0_safe_receiver: com.towertex.sdk.sdk.BloomSdk? [val] declared in com.towertex.sdk.sdk.BloomSdkComposable.UserInputsScreen.<no name provided>.invokeSuspend' type=com.towertex.sdk.sdk.BloomSdk? origin=null
                              coroutineScope: GET_VAR 'val $this$LaunchedEffect: kotlinx.coroutines.CoroutineScope [val] declared in com.towertex.sdk.sdk.BloomSdkComposable.UserInputsScreen.<no name provided>.invokeSuspend' type=kotlinx.coroutines.CoroutineScope origin=null
                              configurationId: CONST Int type=kotlin.Int value=1
                          CALL 'public final fun not (): kotlin.Boolean [operator] declared in kotlin.Boolean' type=kotlin.Boolean origin=null
                            $this: CALL 'public final fun EQEQ (arg0: kotlin.Any?, arg1: kotlin.Any?): kotlin.Boolean declared in kotlin.internal.ir' type=kotlin.Boolean origin=null
                              arg0: GET_VAR 'val tmp1_safe_receiver: kotlinx.coroutines.flow.Flow<com.towertex.sdk.network.model.UIConfigurationForm> [val] declared in com.towertex.sdk.sdk.BloomSdkComposable.UserInputsScreen.<no name provided>.invokeSuspend' type=kotlinx.coroutines.flow.Flow<com.towertex.sdk.network.model.UIConfigurationForm> origin=null
                              arg1: CONST Null type=kotlin.Nothing? value=null
                      then: CALL 'public final fun first <T> ($completion: kotlin.coroutines.Continuation<T of kotlinx.coroutines.flow.FlowKt.first>): kotlin.Any? [suspend] declared in kotlinx.coroutines.flow.FlowKt' type=com.towertex.sdk.network.model.UIConfigurationForm origin=null
                        <T>: com.towertex.sdk.network.model.UIConfigurationForm
                        $receiver: GET_VAR 'val tmp1_safe_receiver: kotlinx.coroutines.flow.Flow<com.towertex.sdk.network.model.UIConfigurationForm> [val] declared in com.towertex.sdk.sdk.BloomSdkComposable.UserInputsScreen.<no name provided>.invokeSuspend' type=kotlinx.coroutines.flow.Flow<com.towertex.sdk.network.model.UIConfigurationForm>? origin=null
                        $completion: GET_VAR '<this>: com.towertex.sdk.sdk.BloomSdkComposable.UserInputsScreen.<no name provided> declared in com.towertex.sdk.sdk.BloomSdkComposable.UserInputsScreen.<no name provided>.invokeSuspend' type=com.towertex.sdk.sdk.BloomSdkComposable.UserInputsScreen.<no name provided> origin=null
                    BRANCH
                      if: CONST Boolean type=kotlin.Boolean value=true
                      then: CONST Null type=kotlin.Nothing? value=null
          FUN name:create visibility:public modality:FINAL <> ($this:com.towertex.sdk.sdk.BloomSdkComposable.UserInputsScreen.<no name provided>, value:kotlin.Any?, $completion:kotlin.coroutines.Continuation<kotlin.Nothing>) returnType:kotlin.coroutines.Continuation<kotlin.Unit>
            overridden:
              public open fun create (value: kotlin.Any?, $completion: kotlin.coroutines.Continuation<kotlin.Nothing>): kotlin.coroutines.Continuation<kotlin.Unit> declared in kotlin.coroutines.jvm.internal.SuspendLambda
            $this: VALUE_PARAMETER INSTANCE_RECEIVER name:<this> type:com.towertex.sdk.sdk.BloomSdkComposable.UserInputsScreen.<no name provided>
            VALUE_PARAMETER name:value index:0 type:kotlin.Any?
            VALUE_PARAMETER name:$completion index:1 type:kotlin.coroutines.Continuation<kotlin.Nothing>
            BLOCK_BODY
              VAR IR_TEMPORARY_VARIABLE name:tmp0_result type:com.towertex.sdk.sdk.BloomSdkComposable.UserInputsScreen.<no name provided> [val]
                CONSTRUCTOR_CALL 'public/*package*/ constructor <init> ($aContext: android.content.Context, $sdk$delegate: androidx.compose.runtime.MutableState<com.towertex.sdk.sdk.BloomSdk?>, $uiConfiguration$delegate: androidx.compose.runtime.MutableState<com.towertex.sdk.network.model.UIConfigurationForm?>, $completion: kotlin.coroutines.Continuation<com.towertex.sdk.sdk.BloomSdkComposable.UserInputsScreen.<no name provided>>?) [primary] declared in com.towertex.sdk.sdk.BloomSdkComposable.UserInputsScreen.<no name provided>' type=com.towertex.sdk.sdk.BloomSdkComposable.UserInputsScreen.<no name provided> origin=null
                  $aContext: GET_FIELD 'FIELD FIELD_FOR_CAPTURED_VALUE name:$aContext type:android.content.Context visibility:public/*package*/ [final] declared in com.towertex.sdk.sdk.BloomSdkComposable.UserInputsScreen.<no name provided>' type=android.content.Context origin=null
                    receiver: GET_VAR '<this>: com.towertex.sdk.sdk.BloomSdkComposable.UserInputsScreen.<no name provided> declared in com.towertex.sdk.sdk.BloomSdkComposable.UserInputsScreen.<no name provided>.create' type=com.towertex.sdk.sdk.BloomSdkComposable.UserInputsScreen.<no name provided> origin=null
                  $sdk$delegate: GET_FIELD 'FIELD FIELD_FOR_CAPTURED_VALUE name:$sdk$delegate type:androidx.compose.runtime.MutableState<com.towertex.sdk.sdk.BloomSdk?> visibility:public/*package*/ [final] declared in com.towertex.sdk.sdk.BloomSdkComposable.UserInputsScreen.<no name provided>' type=androidx.compose.runtime.MutableState<com.towertex.sdk.sdk.BloomSdk?> origin=null
                    receiver: GET_VAR '<this>: com.towertex.sdk.sdk.BloomSdkComposable.UserInputsScreen.<no name provided> declared in com.towertex.sdk.sdk.BloomSdkComposable.UserInputsScreen.<no name provided>.create' type=com.towertex.sdk.sdk.BloomSdkComposable.UserInputsScreen.<no name provided> origin=null
                  $uiConfiguration$delegate: GET_FIELD 'FIELD FIELD_FOR_CAPTURED_VALUE name:$uiConfiguration$delegate type:androidx.compose.runtime.MutableState<com.towertex.sdk.network.model.UIConfigurationForm?> visibility:public/*package*/ [final] declared in com.towertex.sdk.sdk.BloomSdkComposable.UserInputsScreen.<no name provided>' type=androidx.compose.runtime.MutableState<com.towertex.sdk.network.model.UIConfigurationForm?> origin=null
                    receiver: GET_VAR '<this>: com.towertex.sdk.sdk.BloomSdkComposable.UserInputsScreen.<no name provided> declared in com.towertex.sdk.sdk.BloomSdkComposable.UserInputsScreen.<no name provided>.create' type=com.towertex.sdk.sdk.BloomSdkComposable.UserInputsScreen.<no name provided> origin=null
                  $completion: GET_VAR '$completion: kotlin.coroutines.Continuation<kotlin.Nothing> declared in com.towertex.sdk.sdk.BloomSdkComposable.UserInputsScreen.<no name provided>.create' type=kotlin.coroutines.Continuation<kotlin.Nothing> origin=null
              SET_FIELD 'FIELD FIELD_FOR_CAPTURED_VALUE name:L$0 type:kotlin.Any? visibility:private declared in com.towertex.sdk.sdk.BloomSdkComposable.UserInputsScreen.<no name provided>' type=kotlin.Unit origin=null
                receiver: GET_VAR 'val tmp0_result: com.towertex.sdk.sdk.BloomSdkComposable.UserInputsScreen.<no name provided> [val] declared in com.towertex.sdk.sdk.BloomSdkComposable.UserInputsScreen.<no name provided>.create' type=com.towertex.sdk.sdk.BloomSdkComposable.UserInputsScreen.<no name provided> origin=null
                value: GET_VAR 'value: kotlin.Any? declared in com.towertex.sdk.sdk.BloomSdkComposable.UserInputsScreen.<no name provided>.create' type=kotlin.Any? origin=null
              RETURN type=kotlin.Nothing from='public final fun create (value: kotlin.Any?, $completion: kotlin.coroutines.Continuation<kotlin.Nothing>): kotlin.coroutines.Continuation<kotlin.Unit> declared in com.towertex.sdk.sdk.BloomSdkComposable.UserInputsScreen.<no name provided>'
                GET_VAR 'val tmp0_result: com.towertex.sdk.sdk.BloomSdkComposable.UserInputsScreen.<no name provided> [val] declared in com.towertex.sdk.sdk.BloomSdkComposable.UserInputsScreen.<no name provided>.create' type=com.towertex.sdk.sdk.BloomSdkComposable.UserInputsScreen.<no name provided> origin=null
          FUN name:invoke visibility:public modality:FINAL <> ($this:com.towertex.sdk.sdk.BloomSdkComposable.UserInputsScreen.<no name provided>, p1:kotlinx.coroutines.CoroutineScope, p2:kotlin.coroutines.Continuation<kotlin.Unit>?) returnType:kotlin.Any?
            overridden:
              public abstract fun invoke (p1: P1 of kotlin.jvm.functions.Function2, p2: P2 of kotlin.jvm.functions.Function2): R of kotlin.jvm.functions.Function2 declared in kotlin.jvm.functions.Function2
            $this: VALUE_PARAMETER INSTANCE_RECEIVER name:<this> type:com.towertex.sdk.sdk.BloomSdkComposable.UserInputsScreen.<no name provided>
            VALUE_PARAMETER name:p1 index:0 type:kotlinx.coroutines.CoroutineScope
            VALUE_PARAMETER name:p2 index:1 type:kotlin.coroutines.Continuation<kotlin.Unit>?
            BLOCK_BODY
              RETURN type=kotlin.Nothing from='public final fun invoke (p1: kotlinx.coroutines.CoroutineScope, p2: kotlin.coroutines.Continuation<kotlin.Unit>?): kotlin.Any? declared in com.towertex.sdk.sdk.BloomSdkComposable.UserInputsScreen.<no name provided>'
                CALL 'public final fun invokeSuspend ($result: kotlin.Result<kotlin.Any?>): kotlin.Any? declared in com.towertex.sdk.sdk.BloomSdkComposable.UserInputsScreen.<no name provided>' type=kotlin.Any? origin=null
                  $this: TYPE_OP type=com.towertex.sdk.sdk.BloomSdkComposable.UserInputsScreen.<no name provided> origin=IMPLICIT_CAST typeOperand=com.towertex.sdk.sdk.BloomSdkComposable.UserInputsScreen.<no name provided>
                    CALL 'public final fun create (value: kotlin.Any?, $completion: kotlin.coroutines.Continuation<kotlin.Nothing>): kotlin.coroutines.Continuation<kotlin.Unit> declared in com.towertex.sdk.sdk.BloomSdkComposable.UserInputsScreen.<no name provided>' type=kotlin.coroutines.Continuation<kotlin.Unit> origin=null
                      $this: GET_VAR '<this>: com.towertex.sdk.sdk.BloomSdkComposable.UserInputsScreen.<no name provided> declared in com.towertex.sdk.sdk.BloomSdkComposable.UserInputsScreen.<no name provided>.invoke' type=com.towertex.sdk.sdk.BloomSdkComposable.UserInputsScreen.<no name provided> origin=null
                      value: GET_VAR 'p1: kotlinx.coroutines.CoroutineScope declared in com.towertex.sdk.sdk.BloomSdkComposable.UserInputsScreen.<no name provided>.invoke' type=kotlinx.coroutines.CoroutineScope origin=null
                      $completion: GET_VAR 'p2: kotlin.coroutines.Continuation<kotlin.Unit>? declared in com.towertex.sdk.sdk.BloomSdkComposable.UserInputsScreen.<no name provided>.invoke' type=kotlin.coroutines.Continuation<kotlin.Unit>? origin=null
                  $result: CALL 'public final fun <unsafe-coerce> <T, R> (v: T of kotlin.jvm.internal.<unsafe-coerce>): R of kotlin.jvm.internal.<unsafe-coerce> declared in kotlin.jvm.internal' type=kotlin.Result<kotlin.Any?> origin=null
                    <T>: kotlin.Any?
                    <R>: kotlin.Result<kotlin.Any?>
                    v: GET_FIELD 'FIELD FIELD_FOR_OBJECT_INSTANCE name:INSTANCE type:kotlin.Unit visibility:public [final,static] declared in kotlin.Unit' type=kotlin.Unit origin=null
          FIELD FIELD_FOR_CAPTURED_VALUE name:$aContext type:android.content.Context visibility:public/*package*/ [final]
          FIELD FIELD_FOR_CAPTURED_VALUE name:$sdk$delegate type:androidx.compose.runtime.MutableState<com.towertex.sdk.sdk.BloomSdk?> visibility:public/*package*/ [final]
          FIELD FIELD_FOR_CAPTURED_VALUE name:$uiConfiguration$delegate type:androidx.compose.runtime.MutableState<com.towertex.sdk.network.model.UIConfigurationForm?> visibility:public/*package*/ [final]
          FUN BRIDGE name:invoke visibility:public modality:OPEN <> ($this:com.towertex.sdk.sdk.BloomSdkComposable.UserInputsScreen.<no name provided>, p1:kotlin.Any?, p2:kotlin.Any?) returnType:kotlin.Any?
            $this: VALUE_PARAMETER INSTANCE_RECEIVER name:<this> type:com.towertex.sdk.sdk.BloomSdkComposable.UserInputsScreen.<no name provided>
            VALUE_PARAMETER BRIDGE name:p1 index:0 type:kotlin.Any?
            VALUE_PARAMETER BRIDGE name:p2 index:1 type:kotlin.Any?
            EXPRESSION_BODY
              RETURN type=kotlin.Nothing from='public open fun invoke (p1: kotlin.Any?, p2: kotlin.Any?): kotlin.Any? declared in com.towertex.sdk.sdk.BloomSdkComposable.UserInputsScreen.<no name provided>'
                CALL 'public final fun invoke (p1: kotlinx.coroutines.CoroutineScope, p2: kotlin.coroutines.Continuation<kotlin.Unit>?): kotlin.Any? declared in com.towertex.sdk.sdk.BloomSdkComposable.UserInputsScreen.<no name provided>' type=kotlin.Any? origin=BRIDGE_DELEGATION
                  $this: GET_VAR '<this>: com.towertex.sdk.sdk.BloomSdkComposable.UserInputsScreen.<no name provided> declared in com.towertex.sdk.sdk.BloomSdkComposable.UserInputsScreen.<no name provided>.invoke' type=com.towertex.sdk.sdk.BloomSdkComposable.UserInputsScreen.<no name provided> origin=null
                  p1: TYPE_OP type=kotlinx.coroutines.CoroutineScope origin=IMPLICIT_CAST typeOperand=kotlinx.coroutines.CoroutineScope
                    GET_VAR 'p1: kotlin.Any? declared in com.towertex.sdk.sdk.BloomSdkComposable.UserInputsScreen.<no name provided>.invoke' type=kotlin.Any? origin=null
                  p2: TYPE_OP type=kotlin.coroutines.Continuation<*> origin=IMPLICIT_CAST typeOperand=kotlin.coroutines.Continuation<*>
                    GET_VAR 'p2: kotlin.Any? declared in com.towertex.sdk.sdk.BloomSdkComposable.UserInputsScreen.<no name provided>.invoke' type=kotlin.Any? origin=null
        CONSTRUCTOR_CALL 'public/*package*/ constructor <init> ($aContext: android.content.Context, $sdk$delegate: androidx.compose.runtime.MutableState<com.towertex.sdk.sdk.BloomSdk?>, $uiConfiguration$delegate: androidx.compose.runtime.MutableState<com.towertex.sdk.network.model.UIConfigurationForm?>, $completion: kotlin.coroutines.Continuation<com.towertex.sdk.sdk.BloomSdkComposable.UserInputsScreen.<no name provided>>?) [primary] declared in com.towertex.sdk.sdk.BloomSdkComposable.UserInputsScreen.<no name provided>' type=com.towertex.sdk.sdk.BloomSdkComposable.UserInputsScreen.<no name provided> origin=null
          $aContext: GET_VAR 'val aContext: android.content.Context [val] declared in com.towertex.sdk.sdk.BloomSdkComposable.UserInputsScreen' type=android.content.Context origin=null
          $sdk$delegate: GET_VAR 'val sdk$delegate: androidx.compose.runtime.MutableState<com.towertex.sdk.sdk.BloomSdk?> [val] declared in com.towertex.sdk.sdk.BloomSdkComposable.UserInputsScreen' type=androidx.compose.runtime.MutableState<com.towertex.sdk.sdk.BloomSdk?> origin=null
          $uiConfiguration$delegate: GET_VAR 'val uiConfiguration$delegate: androidx.compose.runtime.MutableState<com.towertex.sdk.network.model.UIConfigurationForm?> [val] declared in com.towertex.sdk.sdk.BloomSdkComposable.UserInputsScreen' type=androidx.compose.runtime.MutableState<com.towertex.sdk.network.model.UIConfigurationForm?> origin=null
          $completion: CONST Null type=kotlin.Nothing? value=null
    BLOCK type=kotlin.Unit origin=ARGUMENTS_REORDERING_FOR_CALL
      VAR IR_TEMPORARY_VARIABLE name:tmp0_contentAlignment type:androidx.compose.ui.Alignment [val]
        CALL 'public final fun <get-Center> (): androidx.compose.ui.Alignment declared in androidx.compose.ui.Alignment.Companion' type=androidx.compose.ui.Alignment origin=GET_PROPERTY
          $this: GET_FIELD 'FIELD FIELD_FOR_OBJECT_INSTANCE name:Companion type:androidx.compose.ui.Alignment.Companion visibility:public [final,static] declared in androidx.compose.ui.Alignment' type=androidx.compose.ui.Alignment.Companion origin=null
      VAR IR_TEMPORARY_VARIABLE name:tmp1_modifier type:androidx.compose.ui.Modifier [val]
        CALL 'public final fun fillMaxSize$default (fraction: kotlin.Float, $mask0: kotlin.Int, $handler: kotlin.Any?): androidx.compose.ui.Modifier declared in androidx.compose.foundation.layout.SizeKt' type=androidx.compose.ui.Modifier origin=DEFAULT_DISPATCH_CALL
          $receiver: GET_FIELD 'FIELD FIELD_FOR_OBJECT_INSTANCE name:Companion type:androidx.compose.ui.Modifier.Companion visibility:public [final,static] declared in androidx.compose.ui.Modifier' type=androidx.compose.ui.Modifier.Companion origin=null
          fraction: COMPOSITE type=kotlin.Float origin=DEFAULT_VALUE
            CONST Float type=kotlin.Float value=0.0
          $mask0: CONST Int type=kotlin.Int value=1
          $handler: CONST Null type=kotlin.Any? value=null
      CALL 'public final fun Box$default (modifier: androidx.compose.ui.Modifier?, contentAlignment: androidx.compose.ui.Alignment?, propagateMinConstraints: kotlin.Boolean, content: @[Composable] @[ExtensionFunctionType] kotlin.Function1<androidx.compose.foundation.layout.BoxScope, kotlin.Unit>, $mask0: kotlin.Int, $handler: kotlin.Any?): kotlin.Unit [inline] declared in androidx.compose.foundation.layout.BoxKt' type=kotlin.Unit origin=DEFAULT_DISPATCH_CALL
        modifier: GET_VAR 'val tmp1_modifier: androidx.compose.ui.Modifier [val] declared in com.towertex.sdk.sdk.BloomSdkComposable.UserInputsScreen' type=androidx.compose.ui.Modifier origin=null
        contentAlignment: GET_VAR 'val tmp0_contentAlignment: androidx.compose.ui.Alignment [val] declared in com.towertex.sdk.sdk.BloomSdkComposable.UserInputsScreen' type=androidx.compose.ui.Alignment origin=null
        propagateMinConstraints: COMPOSITE type=kotlin.Boolean origin=DEFAULT_VALUE
          CONST Boolean type=kotlin.Boolean value=false
        content: BLOCK type=@[ExtensionFunctionType] kotlin.Function1<androidx.compose.foundation.layout.BoxScope, kotlin.Unit> origin=LAMBDA
          COMPOSITE type=kotlin.Unit origin=null
          FUNCTION_REFERENCE 'private final fun UserInputsScreen$lambda$22 ($uiConfiguration$delegate: androidx.compose.runtime.MutableState<com.towertex.sdk.network.model.UIConfigurationForm?>, $userInputs$delegate: androidx.compose.runtime.MutableState<kotlin.collections.Map<kotlin.Int, kotlin.String>>, $scope: kotlinx.coroutines.CoroutineScope, $sdk$delegate: androidx.compose.runtime.MutableState<com.towertex.sdk.sdk.BloomSdk?>, $stateOfSuccessMessage$delegate: androidx.compose.runtime.MutableState<kotlin.Boolean?>): kotlin.Unit declared in com.towertex.sdk.sdk.BloomSdkComposable' type=@[ExtensionFunctionType] kotlin.Function1<androidx.compose.foundation.layout.BoxScope, kotlin.Unit> origin=INLINE_LAMBDA reflectionTarget=null
            $uiConfiguration$delegate: GET_VAR 'val uiConfiguration$delegate: androidx.compose.runtime.MutableState<com.towertex.sdk.network.model.UIConfigurationForm?> [val] declared in com.towertex.sdk.sdk.BloomSdkComposable.UserInputsScreen' type=androidx.compose.runtime.MutableState<com.towertex.sdk.network.model.UIConfigurationForm?> origin=null
            $userInputs$delegate: GET_VAR 'val userInputs$delegate: androidx.compose.runtime.MutableState<kotlin.collections.Map<kotlin.Int, kotlin.String>> [val] declared in com.towertex.sdk.sdk.BloomSdkComposable.UserInputsScreen' type=androidx.compose.runtime.MutableState<kotlin.collections.Map<kotlin.Int, kotlin.String>> origin=null
            $scope: GET_VAR 'val scope: kotlinx.coroutines.CoroutineScope [val] declared in com.towertex.sdk.sdk.BloomSdkComposable.UserInputsScreen' type=kotlinx.coroutines.CoroutineScope origin=null
            $sdk$delegate: GET_VAR 'val sdk$delegate: androidx.compose.runtime.MutableState<com.towertex.sdk.sdk.BloomSdk?> [val] declared in com.towertex.sdk.sdk.BloomSdkComposable.UserInputsScreen' type=androidx.compose.runtime.MutableState<com.towertex.sdk.sdk.BloomSdk?> origin=null
            $stateOfSuccessMessage$delegate: GET_VAR 'val stateOfSuccessMessage$delegate: androidx.compose.runtime.MutableState<kotlin.Boolean?> [val] declared in com.towertex.sdk.sdk.BloomSdkComposable.UserInputsScreen' type=androidx.compose.runtime.MutableState<kotlin.Boolean?> origin=null
        $mask0: CONST Int type=kotlin.Int value=4
        $handler: CONST Null type=kotlin.Any? value=null

	at org.jetbrains.kotlin.backend.jvm.codegen.FunctionCodegen.generate(FunctionCodegen.kt:48)
	at org.jetbrains.kotlin.backend.jvm.codegen.FunctionCodegen.generate$default(FunctionCodegen.kt:41)
	at org.jetbrains.kotlin.backend.jvm.codegen.ClassCodegen.generateMethodNode(ClassCodegen.kt:407)
	at org.jetbrains.kotlin.backend.jvm.codegen.ClassCodegen.generateMethod(ClassCodegen.kt:424)
	at org.jetbrains.kotlin.backend.jvm.codegen.ClassCodegen.generate(ClassCodegen.kt:169)
	at org.jetbrains.kotlin.backend.jvm.FileCodegen.lower(JvmPhases.kt:39)
	at org.jetbrains.kotlin.backend.common.phaser.PhaseFactoriesKt.createFilePhase$lambda$4(PhaseFactories.kt:71)
	at org.jetbrains.kotlin.backend.common.phaser.PhaseBuildersKt$createSimpleNamedCompilerPhase$1.phaseBody(PhaseBuilders.kt:69)
	at org.jetbrains.kotlin.backend.common.phaser.SimpleNamedCompilerPhase.phaseBody(CompilerPhase.kt:226)
	at org.jetbrains.kotlin.backend.common.phaser.AbstractNamedCompilerPhase.invoke(CompilerPhase.kt:113)
	at org.jetbrains.kotlin.backend.common.phaser.PerformByIrFilePhase.invokeSequential(performByIrFile.kt:52)
	... 46 more
Caused by: org.jetbrains.kotlin.codegen.CompilationException: Back-end (JVM) Internal error: Couldn't inline method call: CALL 'public final fun <get-current> (): T of androidx.compose.runtime.CompositionLocal [inline] declared in androidx.compose.runtime.CompositionLocal' type=android.content.Context origin=GET_PROPERTY
Method: null
File is unknown
The root cause java.lang.IllegalStateException was thrown at: org.jetbrains.kotlin.codegen.inline.SourceCompilerForInlineKt.getMethodNode(SourceCompilerForInline.kt:118)
	at org.jetbrains.kotlin.codegen.inline.InlineCodegen.performInline(InlineCodegen.kt:65)
	at org.jetbrains.kotlin.backend.jvm.codegen.IrInlineCodegen.genInlineCall(IrInlineCodegen.kt:163)
	at org.jetbrains.kotlin.backend.jvm.codegen.IrInlineCallGenerator.genCall(IrInlineCallGenerator.kt:36)
	at org.jetbrains.kotlin.backend.jvm.codegen.ExpressionCodegen.visitCall(ExpressionCodegen.kt:598)
	at org.jetbrains.kotlin.backend.jvm.codegen.ExpressionCodegen.visitCall(ExpressionCodegen.kt:134)
	at org.jetbrains.kotlin.ir.expressions.IrCall.accept(IrCall.kt:24)
	at org.jetbrains.kotlin.backend.jvm.codegen.ExpressionCodegen.visitVariable(ExpressionCodegen.kt:735)
	at org.jetbrains.kotlin.backend.jvm.codegen.ExpressionCodegen.visitVariable(ExpressionCodegen.kt:134)
	at org.jetbrains.kotlin.ir.declarations.IrVariable.accept(IrVariable.kt:36)
	at org.jetbrains.kotlin.backend.jvm.codegen.ExpressionCodegen.visitStatementContainer(ExpressionCodegen.kt:524)
	at org.jetbrains.kotlin.backend.jvm.codegen.ExpressionCodegen.visitBlockBody(ExpressionCodegen.kt:529)
	at org.jetbrains.kotlin.backend.jvm.codegen.ExpressionCodegen.visitBlockBody(ExpressionCodegen.kt:134)
	at org.jetbrains.kotlin.ir.expressions.IrBlockBody.accept(IrBlockBody.kt:20)
	at org.jetbrains.kotlin.backend.jvm.codegen.ExpressionCodegen.generate(ExpressionCodegen.kt:236)
	at org.jetbrains.kotlin.backend.jvm.codegen.FunctionCodegen.doGenerate(FunctionCodegen.kt:124)
	at org.jetbrains.kotlin.backend.jvm.codegen.FunctionCodegen.generate(FunctionCodegen.kt:45)
	... 56 more
Caused by: java.lang.IllegalStateException: couldn't find inline method Landroidx/compose/runtime/CompositionLocal;.getCurrent()Ljava/lang/Object;
	at org.jetbrains.kotlin.codegen.inline.SourceCompilerForInlineKt.getMethodNode(SourceCompilerForInline.kt:118)
	at org.jetbrains.kotlin.codegen.inline.SourceCompilerForInlineKt.loadCompiledInlineFunction(SourceCompilerForInline.kt:96)
	at org.jetbrains.kotlin.backend.jvm.codegen.IrSourceCompilerForInline.compileInlineFunction(IrSourceCompilerForInline.kt:91)
	at org.jetbrains.kotlin.codegen.inline.InlineCodegen.compileInline(InlineCodegen.kt:43)
	at org.jetbrains.kotlin.codegen.inline.InlineCodegen.performInline(InlineCodegen.kt:51)
	... 71 more


